# JRE version: OpenJDK Runtime Environment Microsoft-8902769 (17.0.10+7) (build 17.0.10+7-LTS)
# Java VM: OpenJDK 64-Bit Server VM Microsoft-8902769 (17.0.10+7-LTS, mixed mode, sharing, tiered, compressed oops, compressed class ptrs, g1 gc, windows-amd64)
GC Precious Log:
 CPUs: 8 total, 8 available
 Memory: 7915M
 Large Page Support: Disabled
 NUMA Support: Disabled
 Compressed Oops: Enabled (32-bit)
 Heap Region Size: 1M
 Heap Min Capacity: 8M
 Heap Initial Capacity: 124M
 Heap Max Capacity: 2G
 Pre-touch: Disabled
 Parallel Workers: 8
 Concurrent Workers: 2
 Concurrent Refinement Workers: 8
 Periodic GC: Disabled
Heap:
 garbage-first heap   total 339968K, used 283315K [0x0000000080000000, 0x0000000100000000)
  region size 1024K, 3 young (3072K), 3 survivors (3072K)
 Metaspace       used 148965K, committed 150528K, reserved 557056K
  class space    used 20234K, committed 20992K, reserved 425984K
GC Heap History (20 events):
Event: 221.440 GC heap after
{Heap after GC invocations=112 (full 0):
 garbage-first heap   total 339968K, used 249549K [0x0000000080000000, 0x0000000100000000)
  region size 1024K, 6 young (6144K), 6 survivors (6144K)
 Metaspace       used 139643K, committed 140928K, reserved 557056K
  class space    used 18887K, committed 19520K, reserved 425984K
}
Event: 222.587 GC heap before
{Heap before GC invocations=112 (full 0):
 garbage-first heap   total 339968K, used 296653K [0x0000000080000000, 0x0000000100000000)
  region size 1024K, 52 young (53248K), 6 survivors (6144K)
 Metaspace       used 140922K, committed 142208K, reserved 557056K
  class space    used 19104K, committed 19712K, reserved 425984K
}
Event: 222.604 GC heap after
{Heap after GC invocations=113 (full 0):
 garbage-first heap   total 339968K, used 256246K [0x0000000080000000, 0x0000000100000000)
  region size 1024K, 7 young (7168K), 7 survivors (7168K)
 Metaspace       used 140922K, committed 142208K, reserved 557056K
  class space    used 19104K, committed 19712K, reserved 425984K
}
Event: 223.343 GC heap before
{Heap before GC invocations=113 (full 0):
 garbage-first heap   total 339968K, used 293110K [0x0000000080000000, 0x0000000100000000)
  region size 1024K, 44 young (45056K), 7 survivors (7168K)
 Metaspace       used 141241K, committed 142592K, reserved 557056K
  class space    used 19155K, committed 19840K, reserved 425984K
}
Event: 223.363 GC heap after
{Heap after GC invocations=114 (full 0):
 garbage-first heap   total 339968K, used 262392K [0x0000000080000000, 0x0000000100000000)
  region size 1024K, 6 young (6144K), 6 survivors (6144K)
 Metaspace       used 141241K, committed 142592K, reserved 557056K
  class space    used 19155K, committed 19840K, reserved 425984K
}
Event: 223.988 GC heap before
{Heap before GC invocations=114 (full 0):
 garbage-first heap   total 339968K, used 294136K [0x0000000080000000, 0x0000000100000000)
  region size 1024K, 36 young (36864K), 6 survivors (6144K)
 Metaspace       used 141637K, committed 143104K, reserved 557056K
  class space    used 19232K, committed 19968K, reserved 425984K
}
Event: 224.010 GC heap after
{Heap after GC invocations=115 (full 0):
 garbage-first heap   total 339968K, used 267841K [0x0000000080000000, 0x0000000100000000)
  region size 1024K, 5 young (5120K), 5 survivors (5120K)
 Metaspace       used 141637K, committed 143104K, reserved 557056K
  class space    used 19232K, committed 19968K, reserved 425984K
}
Event: 224.788 GC heap before
{Heap before GC invocations=115 (full 0):
 garbage-first heap   total 339968K, used 294465K [0x0000000080000000, 0x0000000100000000)
  region size 1024K, 31 young (31744K), 5 survivors (5120K)
 Metaspace       used 143132K, committed 144576K, reserved 557056K
  class space    used 19402K, committed 20096K, reserved 425984K
}
Event: 224.800 GC heap after
{Heap after GC invocations=116 (full 0):
 garbage-first heap   total 339968K, used 270576K [0x0000000080000000, 0x0000000100000000)
  region size 1024K, 3 young (3072K), 3 survivors (3072K)
 Metaspace       used 143132K, committed 144576K, reserved 557056K
  class space    used 19402K, committed 20096K, reserved 425984K
}
Event: 225.314 GC heap before
{Heap before GC invocations=116 (full 0):
 garbage-first heap   total 339968K, used 294128K [0x0000000080000000, 0x0000000100000000)
  region size 1024K, 27 young (27648K), 3 survivors (3072K)
 Metaspace       used 143332K, committed 144832K, reserved 557056K
  class space    used 19430K, committed 20160K, reserved 425984K
}
Event: 225.330 GC heap after
{Heap after GC invocations=117 (full 0):
 garbage-first heap   total 339968K, used 274431K [0x0000000080000000, 0x0000000100000000)
  region size 1024K, 4 young (4096K), 4 survivors (4096K)
 Metaspace       used 143332K, committed 144832K, reserved 557056K
  class space    used 19430K, committed 20160K, reserved 425984K
}
Event: 225.720 GC heap before
{Heap before GC invocations=117 (full 0):
 garbage-first heap   total 339968K, used 294911K [0x0000000080000000, 0x0000000100000000)
  region size 1024K, 24 young (24576K), 4 survivors (4096K)
 Metaspace       used 144087K, committed 145536K, reserved 557056K
  class space    used 19530K, committed 20224K, reserved 425984K
}
Event: 225.730 GC heap after
{Heap after GC invocations=118 (full 0):
 garbage-first heap   total 339968K, used 276201K [0x0000000080000000, 0x0000000100000000)
  region size 1024K, 3 young (3072K), 3 survivors (3072K)
 Metaspace       used 144087K, committed 145536K, reserved 557056K
  class space    used 19530K, committed 20224K, reserved 425984K
}
Event: 226.162 GC heap before
{Heap before GC invocations=118 (full 0):
 garbage-first heap   total 339968K, used 295657K [0x0000000080000000, 0x0000000100000000)
  region size 1024K, 22 young (22528K), 3 survivors (3072K)
 Metaspace       used 145941K, committed 147392K, reserved 557056K
  class space    used 19848K, committed 20544K, reserved 425984K
}
Event: 226.171 GC heap after
{Heap after GC invocations=119 (full 0):
 garbage-first heap   total 339968K, used 276999K [0x0000000080000000, 0x0000000100000000)
  region size 1024K, 1 young (1024K), 1 survivors (1024K)
 Metaspace       used 145941K, committed 147392K, reserved 557056K
  class space    used 19848K, committed 20544K, reserved 425984K
}
Event: 226.730 GC heap before
{Heap before GC invocations=119 (full 0):
 garbage-first heap   total 339968K, used 297479K [0x0000000080000000, 0x0000000100000000)
  region size 1024K, 21 young (21504K), 1 survivors (1024K)
 Metaspace       used 147552K, committed 149120K, reserved 557056K
  class space    used 20055K, committed 20800K, reserved 425984K
}
Event: 226.740 GC heap after
{Heap after GC invocations=120 (full 0):
 garbage-first heap   total 339968K, used 278254K [0x0000000080000000, 0x0000000100000000)
  region size 1024K, 2 young (2048K), 2 survivors (2048K)
 Metaspace       used 147552K, committed 149120K, reserved 557056K
  class space    used 20055K, committed 20800K, reserved 425984K
}
Event: 227.264 GC heap before
{Heap before GC invocations=120 (full 0):
 garbage-first heap   total 339968K, used 298734K [0x0000000080000000, 0x0000000100000000)
  region size 1024K, 22 young (22528K), 2 survivors (2048K)
 Metaspace       used 148164K, committed 149696K, reserved 557056K
  class space    used 20136K, committed 20864K, reserved 425984K
}
Event: 227.278 GC heap after
{Heap after GC invocations=121 (full 0):
 garbage-first heap   total 339968K, used 280447K [0x0000000080000000, 0x0000000100000000)
  region size 1024K, 3 young (3072K), 3 survivors (3072K)
 Metaspace       used 148164K, committed 149696K, reserved 557056K
  class space    used 20136K, committed 20864K, reserved 425984K
}
Event: 227.628 GC heap before
{Heap before GC invocations=121 (full 0):
 garbage-first heap   total 339968K, used 298879K [0x0000000080000000, 0x0000000100000000)
  region size 1024K, 21 young (21504K), 3 survivors (3072K)
 Metaspace       used 148965K, committed 150528K, reserved 557056K
  class space    used 20234K, committed 20992K, reserved 425984K
}

